Engine error from function: bool sound::load(const string&in) const

Error: Decryption failed because the key was incorrect.

Call stack size: 1

File: C:\Users\Joker\Desktop\TheSmartParty\Smart Party.bgt
Line: 33 (1)
Function: void main()


Engine error from function: bool sound::load(const string&in) const

Error: Decryption failed because the key was incorrect.

Call stack size: 1

File: C:\Users\Joker\Desktop\TheSmartParty\Smart Party.bgt
Line: 34 (1)
Function: void main()


Engine error from function: bool sound::load(const string&in) const

Error: Decryption failed because the key was incorrect.

Call stack size: 1

File: C:\Users\Joker\Desktop\TheSmartParty\Smart Party.bgt
Line: 35 (1)
Function: void main()


Engine error from function: bool sound::load(const string&in) const

Error: Decryption failed because the key was incorrect.

Call stack size: 1

File: C:\Users\Joker\Desktop\TheSmartParty\Smart Party.bgt
Line: 36 (1)
Function: void main()


Engine error from function: bool sound::play_looped() const

Error: No valid resource associated.

Call stack size: 1

File: C:\Users\Joker\Desktop\TheSmartParty\Smart Party.bgt
Line: 38 (1)
Function: void main()


